<?xml version="1.0" encoding="UTF-8"?>
<!-- Generated by org.testng.reporters.JUnitReportReporter -->
<testsuite hostname="INSML-8RLVCF" failures="0" tests="9" name="homePage" time="3.284" errors="0" timestamp="2023-02-07T11:25:20 IST" skipped="8">
  <testcase classname="homePage" name="switchMultipleLinkInNewTab" time="3.284"/>
  <system-out/>
  <testcase classname="homePage" name="verifyPromoCode">
    <skipped/>
  </testcase> <!-- verifyPromoCode -->
  <system-out/>
  <testcase classname="homePage" name="placeOrder">
    <skipped/>
  </testcase> <!-- placeOrder -->
  <system-out/>
  <testcase classname="homePage" name="applyPromoCode">
    <skipped/>
  </testcase> <!-- applyPromoCode -->
  <system-out/>
  <testcase classname="homePage" name="verifyProduct">
    <skipped/>
  </testcase> <!-- verifyProduct -->
  <system-out/>
  <testcase classname="homePage" name="linkInNewTab">
    <skipped/>
  </testcase> <!-- linkInNewTab -->
  <system-out/>
  <testcase classname="homePage" name="multipleLinkInNewTab">
    <skipped/>
  </testcase> <!-- multipleLinkInNewTab -->
  <system-out/>
  <testcase classname="homePage" name="checkout">
    <skipped/>
  </testcase> <!-- checkout -->
  <system-out/>
  <testcase classname="homePage" name="searchProduct">
    <skipped/>
  </testcase> <!-- searchProduct -->
  <system-out/>
</testsuite> <!-- homePage -->
